9.5502 	WARNING 	User requested fullscreen with size [1024  768], but screen is actually [1920, 1080]. Using actual size
10.9632 	EXP 	Created window1 = Window(allowGUI=True, allowStencil=False, autoLog=True, backendConf=UNKNOWN, backgroundFit=<method-wrapper '__getattribute__' of attributeSetter object at 0x000002877F13FC70>, backgroundImage=<method-wrapper '__getattribute__' of attributeSetter object at 0x000002877F13FC10>, bitsMode=UNKNOWN, blendMode='avg', bpc=(8, 8, 8), color=array([0, 0, 0]), colorSpace='rgb', depthBits=8, fullscr=<method-wrapper '__getattribute__' of attributeSetter object at 0x000002877F13FA60>, gamma=None, gammaErrorPolicy='raise', lms=UNKNOWN, monitor=<psychopy.monitors.calibTools.Monitor object at 0x000002877F725640>, multiSample=False, name='window1', numSamples=2, pos=(1920, 8), screen=0, size=array([1920, 1080]), stencilBits=0, stereo=False, title='PsychoPy', units='height', useFBO=True, useRetina=False, viewOri=0.0, viewPos=None, viewScale=None, waitBlanking=True, winType='pyglet')
10.9633 	EXP 	window1: mouseVisible = True
10.9634 	EXP 	window1: backgroundImage = ''
10.9634 	EXP 	window1: backgroundFit = 'none'
10.9665 	EXP 	window1: Attempting to measure frame rate of screen (0) ...
10.9666 	EXP 	window1: recordFrameIntervals = False
11.1295 	EXP 	window1: recordFrameIntervals = True
11.3127 	EXP 	Screen (0) actual frame rate measured at 60.08Hz
11.3127 	EXP 	window1: recordFrameIntervals = False
11.3128 	EXP 	window1: mouseVisible = False
15.3331 	EXP 	simple_targte_distractor: status = STARTED
15.3338 	EXP 	window1: mouseVisible = True
15.3988 	EXP 	Created target = TextStim(__class__=<class 'psychopy.visual.text.TextStim'>, alignHoriz=method-wrapper(...), alignText='center', alignVert=method-wrapper(...), anchorHoriz='center', anchorVert='center', antialias=True, autoDraw=False, autoLog=True, bold=False, color=array([1., 1., 1.]), colorSpace='rgb', contrast=1.0, depth=0.0, draggable=False, flipHoriz=False, flipVert=False, font='Open Sans', fontFiles=[], height=0.05, italic=False, languageStyle='LTR', name='target', opacity=1.0, ori=0.0, pos=array([0., 0.]), rgb=UNKNOWN, text='T', units='height', win=Window(...), wrapWidth=1)
15.3990 	EXP 	window1: mouseVisible = True
15.4021 	EXP 	Created distractor = TextStim(__class__=<class 'psychopy.visual.text.TextStim'>, alignHoriz=method-wrapper(...), alignText='center', alignVert=method-wrapper(...), anchorHoriz='center', anchorVert='center', antialias=True, autoDraw=False, autoLog=True, bold=False, color=array([1., 1., 1.]), colorSpace='rgb', contrast=1.0, depth=-1.0, draggable=False, flipHoriz=False, flipVert=False, font='Open Sans', fontFiles=[], height=0.05, italic=False, languageStyle='LTR', name='distractor', opacity=1.0, ori=0.0, pos=array([-0.5,  0. ]), rgb=UNKNOWN, text='l', units='height', win=Window(...), wrapWidth=1)
0.0256 	EXP 	target: autoDraw = True
0.0256 	EXP 	distractor: autoDraw = True
4.5442 	EXP 	simple_targte_distractor: status = STOPPED
4.5602 	EXP 	target: autoDraw = False
4.5602 	EXP 	distractor: autoDraw = False
4.5603 	EXP 	simple_targte_distractor: status = STOPPED
4.5877 	EXP 	window1: mouseVisible = True
